{"name": "test_mail_send_success", "status": "broken", "statusDetails": {"message": "selenium.common.exceptions.TimeoutException: Message:", "trace": "@allure.step(\"Отправка сообщения\")\n    def test_mail_send_success():\n        inbox_page = open_gmail().login('applineautotests', 'appline2020')\n        inbox_page\\\n            .open_new_message_dialog()\\\n            .fill('applineautotests@gmail.com', 'Autotest', 'test')\\\n            .send()\n    \n>       inbox_page.open_last_message().check_message('applineautotests@gmail.com', 'Autotest', 'test')\n\nSeleniumGMailTests.py:20: \n_ _ _ _ _ _ _ _ _ _ _ _ _ _ _ _ _ _ _ _ _ _ _ _ _ _ _ _ _ _ _ _ _ _ _ _ _ _ _ _ _ _ _ _ _ _ _ _ _ _ _ _\npages.py:51: in check_message\n    lambda wd: self.webdriver.find_element(By.XPATH,\n_ _ _ _ _ _ _ _ _ _ _ _ _ _ _ _ _ _ _ _ _ _ _ _ _ _ _ _ _ _ _ _ _ _ _ _ _ _ _ _ _ _ _ _ _ _ _ _ _ _ _ _\n\nself = <selenium.webdriver.support.wait.WebDriverWait (session=\"8d198b1c9efaf860a0cb45f557612130\")>\nmethod = <function Message.check_message.<locals>.<lambda> at 0x000001620910D4C8>, message = ''\n\n    def until(self, method, message=''):\n        \"\"\"Calls the method provided with the driver as an argument until the \\\n        return value is not False.\"\"\"\n        screen = None\n        stacktrace = None\n    \n        end_time = time.time() + self._timeout\n        while True:\n            try:\n                value = method(self._driver)\n                if value:\n                    return value\n            except self._ignored_exceptions as exc:\n                screen = getattr(exc, 'screen', None)\n                stacktrace = getattr(exc, 'stacktrace', None)\n            time.sleep(self._poll)\n            if time.time() > end_time:\n                break\n>       raise TimeoutException(message, screen, stacktrace)\nE       selenium.common.exceptions.TimeoutException: Message:\n\n..\\..\\appdata\\local\\programs\\python\\python37\\lib\\site-packages\\selenium\\webdriver\\support\\wait.py:80: TimeoutException"}, "steps": [{"name": "Отправка сообщения", "status": "broken", "statusDetails": {"message": "selenium.common.exceptions.TimeoutException: Message: \n\n", "trace": "  File \"c:\\users\\user\\appdata\\local\\programs\\python\\python37\\lib\\site-packages\\allure_commons\\_allure.py\", line 157, in impl\n    return func(*a, **kw)\n  File \"C:\\Users\\user\\PycharmProjects\\GMailTests\\SeleniumGMailTests.py\", line 20, in test_mail_send_success\n    inbox_page.open_last_message().check_message('applineautotests@gmail.com', 'Autotest', 'test')\n  File \"C:\\Users\\user\\PycharmProjects\\GMailTests\\pages.py\", line 51, in check_message\n    lambda wd: self.webdriver.find_element(By.XPATH,\n  File \"c:\\users\\user\\appdata\\local\\programs\\python\\python37\\lib\\site-packages\\selenium\\webdriver\\support\\wait.py\", line 80, in until\n    raise TimeoutException(message, screen, stacktrace)\n"}, "steps": [{"name": "Открыть Gmail", "status": "passed", "start": 1584538892326, "stop": 1584538899747}, {"name": "Войти пользователем 'applineautotests'", "status": "passed", "parameters": [{"name": "username", "value": "'applineautotests'"}, {"name": "password", "value": "'appline2020'"}], "start": 1584538899747, "stop": 1584538903502}, {"name": "Написать сообщение", "status": "passed", "start": 1584538903502, "stop": 1584538943979}, {"name": "Заполнить сообщение для ['applineautotests@gmail.com'] c  темой ['Autotest'] и телом ['test']", "status": "passed", "parameters": [{"name": "to", "value": "'applineautotests@gmail.com'"}, {"name": "subject", "value": "'Autotest'"}, {"name": "body", "value": "'test'"}], "start": 1584538943979, "stop": 1584538944927}, {"name": "Отправить сообщение", "status": "passed", "start": 1584538944927, "stop": 1584538945299}, {"name": "Открыть последнее отправленное сообщение", "status": "passed", "start": 1584538945300, "stop": 1584538945492}], "start": 1584538892326, "stop": 1584538975858}], "start": 1584538892326, "stop": 1584538975864, "uuid": "eed91808-8934-4429-bbbc-6bbfef79c0a7", "historyId": "688a32dee5474a7402a10958bb42926b", "testCaseId": "099bf42fd92e5007e824c205620f209b", "fullName": "SeleniumGMailTests#test_mail_send_success", "labels": [{"name": "suite", "value": "SeleniumGMailTests"}, {"name": "host", "value": "DESKTOP-T16VUGS"}, {"name": "thread", "value": "7964-MainThread"}, {"name": "framework", "value": "pytest"}, {"name": "language", "value": "cpython3"}, {"name": "package", "value": "SeleniumGMailTests"}]}