{"name": "test_mail_send_success", "status": "broken", "statusDetails": {"message": "selenium.common.exceptions.TimeoutException: Message:", "trace": "@allure.step(\"Сообщение отправляется успешно\")\n    def test_mail_send_success():\n        main_page = open_gmail().login('applineautotests', 'appline2020')\n>       main_page.open_write_message().fill_message('asdfasf', 'subject', 'body')\n\nSeleniumGMailTests.py:14: \n_ _ _ _ _ _ _ _ _ _ _ _ _ _ _ _ _ _ _ _ _ _ _ _ _ _ _ _ _ _ _ _ _ _ _ _ _ _ _ _ _ _ _ _ _ _ _ _ _ _ _ _\npages.py:33: in open_write_message\n    lambda x: self.webdriver.find_element(By.XPATH, \"//div[@role = 'dialog']\"))\n_ _ _ _ _ _ _ _ _ _ _ _ _ _ _ _ _ _ _ _ _ _ _ _ _ _ _ _ _ _ _ _ _ _ _ _ _ _ _ _ _ _ _ _ _ _ _ _ _ _ _ _\n\nself = <selenium.webdriver.support.wait.WebDriverWait (session=\"61cac68d7f49dff20be00251c3587e13\")>\nmethod = <function MainPage.open_write_message.<locals>.<lambda> at 0x000001E228248D38>, message = ''\n\n    def until(self, method, message=''):\n        \"\"\"Calls the method provided with the driver as an argument until the \\\n        return value is not False.\"\"\"\n        screen = None\n        stacktrace = None\n    \n        end_time = time.time() + self._timeout\n        while True:\n            try:\n                value = method(self._driver)\n                if value:\n                    return value\n            except self._ignored_exceptions as exc:\n                screen = getattr(exc, 'screen', None)\n                stacktrace = getattr(exc, 'stacktrace', None)\n            time.sleep(self._poll)\n            if time.time() > end_time:\n                break\n>       raise TimeoutException(message, screen, stacktrace)\nE       selenium.common.exceptions.TimeoutException: Message:\n\n..\\..\\appdata\\local\\programs\\python\\python37\\lib\\site-packages\\selenium\\webdriver\\support\\wait.py:80: TimeoutException"}, "steps": [{"name": "Сообщение отправляется успешно", "status": "broken", "statusDetails": {"message": "selenium.common.exceptions.TimeoutException: Message: \n\n", "trace": "  File \"c:\\users\\user\\appdata\\local\\programs\\python\\python37\\lib\\site-packages\\allure_commons\\_allure.py\", line 157, in impl\n    return func(*a, **kw)\n  File \"C:\\Users\\user\\PycharmProjects\\GMailTests\\SeleniumGMailTests.py\", line 14, in test_mail_send_success\n    main_page.open_write_message().fill_message('asdfasf', 'subject', 'body')\n  File \"c:\\users\\user\\appdata\\local\\programs\\python\\python37\\lib\\site-packages\\allure_commons\\_allure.py\", line 157, in impl\n    return func(*a, **kw)\n  File \"C:\\Users\\user\\PycharmProjects\\GMailTests\\pages.py\", line 33, in open_write_message\n    lambda x: self.webdriver.find_element(By.XPATH, \"//div[@role = 'dialog']\"))\n  File \"c:\\users\\user\\appdata\\local\\programs\\python\\python37\\lib\\site-packages\\selenium\\webdriver\\support\\wait.py\", line 80, in until\n    raise TimeoutException(message, screen, stacktrace)\n"}, "steps": [{"name": "Открыть Gmail", "status": "passed", "start": 1584535325224, "stop": 1584535333108}, {"name": "Войти пользователем 'applineautotests'", "status": "passed", "parameters": [{"name": "username", "value": "'applineautotests'"}, {"name": "password", "value": "'appline2020'"}], "start": 1584535333109, "stop": 1584535337871}, {"name": "Написать сообщение", "status": "broken", "statusDetails": {"message": "selenium.common.exceptions.TimeoutException: Message: \n\n", "trace": "  File \"c:\\users\\user\\appdata\\local\\programs\\python\\python37\\lib\\site-packages\\allure_commons\\_allure.py\", line 157, in impl\n    return func(*a, **kw)\n  File \"C:\\Users\\user\\PycharmProjects\\GMailTests\\pages.py\", line 33, in open_write_message\n    lambda x: self.webdriver.find_element(By.XPATH, \"//div[@role = 'dialog']\"))\n  File \"c:\\users\\user\\appdata\\local\\programs\\python\\python37\\lib\\site-packages\\selenium\\webdriver\\support\\wait.py\", line 80, in until\n    raise TimeoutException(message, screen, stacktrace)\n"}, "start": 1584535337871, "stop": 1584535359844}], "start": 1584535325223, "stop": 1584535359849}], "start": 1584535325223, "stop": 1584535359851, "uuid": "fc9562a3-1d56-4244-afd9-7cbe0144f695", "historyId": "688a32dee5474a7402a10958bb42926b", "testCaseId": "099bf42fd92e5007e824c205620f209b", "fullName": "SeleniumGMailTests#test_mail_send_success", "labels": [{"name": "suite", "value": "SeleniumGMailTests"}, {"name": "host", "value": "DESKTOP-T16VUGS"}, {"name": "thread", "value": "15328-MainThread"}, {"name": "framework", "value": "pytest"}, {"name": "language", "value": "cpython3"}, {"name": "package", "value": "SeleniumGMailTests"}]}